platforms/android/app/build/intermediates/manifest_merge_blame_file/release/manifest-merger-blame-release-report.txt
1<?xml version="1.0" encoding="utf-8"?>
2<manifest xmlns:android="http://schemas.android.com/apk/res/android"
3    package="com.serretSangatte.app"
4    android:hardwareAccelerated="true"
5    android:versionCode="8"
6    android:versionName="0.0.8" >
7
8    <uses-sdk
9        android:minSdkVersion="19"
9-->src\main\AndroidManifest.xml
10        android:targetSdkVersion="29" />
10-->src\main\AndroidManifest.xml
11
12    <supports-screens
12-->src\main\AndroidManifest.xml:3:5-191
13        android:anyDensity="true"
13-->src\main\AndroidManifest.xml:3:23-48
14        android:largeScreens="true"
14-->src\main\AndroidManifest.xml:3:49-76
15        android:normalScreens="true"
15-->src\main\AndroidManifest.xml:3:77-105
16        android:resizeable="true"
16-->src\main\AndroidManifest.xml:3:106-131
17        android:smallScreens="true"
17-->src\main\AndroidManifest.xml:3:132-159
18        android:xlargeScreens="true" />
18-->src\main\AndroidManifest.xml:3:160-188
19
20    <uses-permission android:name="android.permission.INTERNET" />
20-->src\main\AndroidManifest.xml:4:5-67
20-->src\main\AndroidManifest.xml:4:22-64
21    <uses-permission android:name="android.permission.WRITE_EXTERNAL_STORAGE" />
21-->src\main\AndroidManifest.xml:19:5-81
21-->src\main\AndroidManifest.xml:19:22-78
22    <uses-permission android:name="android.permission.ACCESS_NETWORK_STATE" />
22-->src\main\AndroidManifest.xml:20:5-79
22-->src\main\AndroidManifest.xml:20:22-76
23    <uses-permission android:name="android.permission.ACCESS_COARSE_LOCATION" />
23-->src\main\AndroidManifest.xml:21:5-81
23-->src\main\AndroidManifest.xml:21:22-78
24    <uses-permission android:name="android.permission.ACCESS_FINE_LOCATION" />
24-->src\main\AndroidManifest.xml:22:5-79
24-->src\main\AndroidManifest.xml:22:22-76
25
26    <uses-feature
26-->src\main\AndroidManifest.xml:23:5-78
27        android:glEsVersion="0x00020000"
27-->src\main\AndroidManifest.xml:23:19-51
28        android:required="true" />
28-->src\main\AndroidManifest.xml:23:52-75
29    <uses-feature android:name="android.hardware.location" />
29-->src\main\AndroidManifest.xml:24:5-62
29-->src\main\AndroidManifest.xml:24:19-59
30    <uses-feature android:name="android.hardware.location.gps" />
30-->src\main\AndroidManifest.xml:25:5-66
30-->src\main\AndroidManifest.xml:25:19-63
31
32    <application
32-->src\main\AndroidManifest.xml:5:5-18:19
33        android:hardwareAccelerated="true"
33-->src\main\AndroidManifest.xml:5:18-52
34        android:icon="@mipmap/ic_launcher"
34-->src\main\AndroidManifest.xml:5:53-87
35        android:label="@string/app_name"
35-->src\main\AndroidManifest.xml:5:88-120
36        android:networkSecurityConfig="@xml/network_security_config"
36-->src\main\AndroidManifest.xml:5:121-181
37        android:supportsRtl="true" >
37-->src\main\AndroidManifest.xml:5:182-208
38        <activity
38-->src\main\AndroidManifest.xml:6:9-11:20
39            android:name="com.serretSangatte.app.MainActivity"
39-->src\main\AndroidManifest.xml:6:205-232
40            android:configChanges="orientation|keyboardHidden|keyboard|screenSize|locale|smallestScreenSize|screenLayout|uiMode"
40-->src\main\AndroidManifest.xml:6:19-135
41            android:label="@string/activity_name"
41-->src\main\AndroidManifest.xml:6:136-173
42            android:launchMode="singleTop"
42-->src\main\AndroidManifest.xml:6:174-204
43            android:theme="@android:style/Theme.DeviceDefault.NoActionBar"
43-->src\main\AndroidManifest.xml:6:233-295
44            android:windowSoftInputMode="adjustResize" >
44-->src\main\AndroidManifest.xml:6:296-338
45            <intent-filter android:label="@string/launcher_name" >
45-->src\main\AndroidManifest.xml:7:13-10:29
45-->src\main\AndroidManifest.xml:7:28-65
46                <action android:name="android.intent.action.MAIN" />
46-->src\main\AndroidManifest.xml:8:17-69
46-->src\main\AndroidManifest.xml:8:25-66
47
48                <category android:name="android.intent.category.LAUNCHER" />
48-->src\main\AndroidManifest.xml:9:17-77
48-->src\main\AndroidManifest.xml:9:27-74
49            </intent-filter>
50        </activity>
51
52        <provider
53            android:name="org.apache.cordova.camera.FileProvider"
53-->src\main\AndroidManifest.xml:12:149-202
54            android:authorities="com.serretSangatte.app.cordova.plugin.camera.provider"
54-->src\main\AndroidManifest.xml:12:19-88
55            android:exported="false"
55-->src\main\AndroidManifest.xml:12:89-113
56            android:grantUriPermissions="true" >
56-->src\main\AndroidManifest.xml:12:114-148
57            <meta-data
57-->src\main\AndroidManifest.xml:13:13-123
58                android:name="android.support.FILE_PROVIDER_PATHS"
58-->src\main\AndroidManifest.xml:13:24-74
59                android:resource="@xml/camera_provider_paths" />
59-->src\main\AndroidManifest.xml:13:75-120
60        </provider>
61
62        <meta-data
63            android:name="com.google.android.geo.API_KEY"
63-->src\main\AndroidManifest.xml:15:20-65
64            android:value="AIzaSyC47GVvBEShojMwLSD1JK2O6adqaUdaVK8" />
64-->src\main\AndroidManifest.xml:15:66-112
65        <meta-data
65-->src\main\AndroidManifest.xml:16:9-122
66            android:name="com.google.android.gms.version"
66-->src\main\AndroidManifest.xml:16:20-65
67            android:value="@integer/google_play_services_version" />
67-->src\main\AndroidManifest.xml:16:66-119
68
69        <uses-library
69-->src\main\AndroidManifest.xml:17:9-88
70            android:name="org.apache.http.legacy"
70-->src\main\AndroidManifest.xml:17:23-60
71            android:required="false" />
71-->src\main\AndroidManifest.xml:17:61-85
72
73        <activity
73-->[com.google.android.gms:play-services-base:16.0.1] AndroidManifest.xml:23:9-26:75
74            android:name="com.google.android.gms.common.api.GoogleApiActivity"
74-->[com.google.android.gms:play-services-base:16.0.1] AndroidManifest.xml:24:13-79
75            android:exported="false"
75-->[com.google.android.gms:play-services-base:16.0.1] AndroidManifest.xml:25:13-37
76            android:theme="@android:style/Theme.Translucent.NoTitleBar" />
76-->[com.google.android.gms:play-services-base:16.0.1] AndroidManifest.xml:26:13-72
77    </application>
78
79</manifest>